/*C6*/SET SCHEMA PUBLIC
create table if not exists Pages (Id integer identity primary key, Name varchar(255) unique, Content clob)
/*C1*/SET SCHEMA SYSTEM_LOBS
INSERT INTO LOB_IDS VALUES(1,28,0,40)
ALTER SEQUENCE SYSTEM_LOBS.LOB_ID RESTART WITH 2
COMMIT
DELETE FROM BLOCKS WHERE BLOCK_ADDR=0
INSERT INTO BLOCKS VALUES(0,1,0)
INSERT INTO BLOCKS VALUES(1,2147483646,0)
DELETE FROM BLOCKS WHERE BLOCK_ADDR=0
INSERT INTO LOBS VALUES(0,1,0,1)
COMMIT
/*C6*/INSERT INTO PAGES VALUES(0,'mq',1)
SET SCHEMA SYSTEM_LOBS
DELETE FROM LOB_IDS WHERE LOB_ID=1
INSERT INTO LOB_IDS VALUES(1,28,1,40)
COMMIT
SET SCHEMA PUBLIC
DELETE FROM PAGES WHERE ID=0
SET SCHEMA SYSTEM_LOBS
DELETE FROM LOB_IDS WHERE LOB_ID=1
INSERT INTO LOB_IDS VALUES(1,28,0,40)
COMMIT
/*C1*/INSERT INTO LOB_IDS VALUES(2,62,0,40)
ALTER SEQUENCE SYSTEM_LOBS.LOB_ID RESTART WITH 3
COMMIT
DELETE FROM BLOCKS WHERE BLOCK_ADDR=1
INSERT INTO BLOCKS VALUES(1,1,0)
INSERT INTO BLOCKS VALUES(2,2147483645,0)
DELETE FROM BLOCKS WHERE BLOCK_ADDR=1
INSERT INTO LOBS VALUES(1,1,0,2)
COMMIT
/*C6*/SET SCHEMA PUBLIC
INSERT INTO PAGES VALUES(1,'galaxy',2)
SET SCHEMA SYSTEM_LOBS
DELETE FROM LOB_IDS WHERE LOB_ID=2
INSERT INTO LOB_IDS VALUES(2,62,1,40)
COMMIT
/*C1*/INSERT INTO LOB_IDS VALUES(3,93,0,40)
ALTER SEQUENCE SYSTEM_LOBS.LOB_ID RESTART WITH 4
COMMIT
DELETE FROM BLOCKS WHERE BLOCK_ADDR=2
INSERT INTO BLOCKS VALUES(2,1,0)
INSERT INTO BLOCKS VALUES(3,2147483644,0)
DELETE FROM BLOCKS WHERE BLOCK_ADDR=2
INSERT INTO LOBS VALUES(2,1,0,3)
COMMIT
/*C6*/SET SCHEMA PUBLIC
DELETE FROM PAGES WHERE ID=1
INSERT INTO PAGES VALUES(1,'galaxy',3)
SET SCHEMA SYSTEM_LOBS
DELETE FROM LOB_IDS WHERE LOB_ID=2
INSERT INTO LOB_IDS VALUES(2,62,0,40)
DELETE FROM LOB_IDS WHERE LOB_ID=3
INSERT INTO LOB_IDS VALUES(3,93,1,40)
COMMIT
